Determining if the Q_WS_WIN exist failed with the following output:
Change Dir: /home/sidi/Bureau/Pstl_final/tme810/top/build/CMakeFiles/CMakeTmp

Run Build Command:"/usr/bin/make" "cmTC_1074f/fast"
/usr/bin/make -f CMakeFiles/cmTC_1074f.dir/build.make CMakeFiles/cmTC_1074f.dir/build
make[1] : on entre dans le répertoire « /home/sidi/Bureau/Pstl_final/tme810/top/build/CMakeFiles/CMakeTmp »
Building CXX object CMakeFiles/cmTC_1074f.dir/CheckSymbolExists.cxx.o
/usr/bin/c++    -I/usr/include/qt4  -Wall -g    -o CMakeFiles/cmTC_1074f.dir/CheckSymbolExists.cxx.o -c /home/sidi/Bureau/Pstl_final/tme810/top/build/CMakeFiles/CMakeTmp/CheckSymbolExists.cxx
/home/sidi/Bureau/Pstl_final/tme810/top/build/CMakeFiles/CMakeTmp/CheckSymbolExists.cxx: In function ‘int main(int, char**)’:
/home/sidi/Bureau/Pstl_final/tme810/top/build/CMakeFiles/CMakeTmp/CheckSymbolExists.cxx:8:19: error: ‘Q_WS_WIN’ was not declared in this scope
   return ((int*)(&Q_WS_WIN))[argc];
                   ^
CMakeFiles/cmTC_1074f.dir/build.make:65 : la recette pour la cible « CMakeFiles/cmTC_1074f.dir/CheckSymbolExists.cxx.o » a échouée
make[1]: *** [CMakeFiles/cmTC_1074f.dir/CheckSymbolExists.cxx.o] Erreur 1
make[1] : on quitte le répertoire « /home/sidi/Bureau/Pstl_final/tme810/top/build/CMakeFiles/CMakeTmp »
Makefile:126 : la recette pour la cible « cmTC_1074f/fast » a échouée
make: *** [cmTC_1074f/fast] Erreur 2

File /home/sidi/Bureau/Pstl_final/tme810/top/build/CMakeFiles/CMakeTmp/CheckSymbolExists.cxx:
/* */
#include <QtCore/qglobal.h>

int main(int argc, char** argv)
{
  (void)argv;
#ifndef Q_WS_WIN
  return ((int*)(&Q_WS_WIN))[argc];
#else
  (void)argc;
  return 0;
#endif
}

Determining if the Q_WS_QWS exist failed with the following output:
Change Dir: /home/sidi/Bureau/Pstl_final/tme810/top/build/CMakeFiles/CMakeTmp

Run Build Command:"/usr/bin/make" "cmTC_ba9e2/fast"
/usr/bin/make -f CMakeFiles/cmTC_ba9e2.dir/build.make CMakeFiles/cmTC_ba9e2.dir/build
make[1] : on entre dans le répertoire « /home/sidi/Bureau/Pstl_final/tme810/top/build/CMakeFiles/CMakeTmp »
Building CXX object CMakeFiles/cmTC_ba9e2.dir/CheckSymbolExists.cxx.o
/usr/bin/c++    -I/usr/include/qt4  -Wall -g    -o CMakeFiles/cmTC_ba9e2.dir/CheckSymbolExists.cxx.o -c /home/sidi/Bureau/Pstl_final/tme810/top/build/CMakeFiles/CMakeTmp/CheckSymbolExists.cxx
/home/sidi/Bureau/Pstl_final/tme810/top/build/CMakeFiles/CMakeTmp/CheckSymbolExists.cxx: In function ‘int main(int, char**)’:
/home/sidi/Bureau/Pstl_final/tme810/top/build/CMakeFiles/CMakeTmp/CheckSymbolExists.cxx:8:19: error: ‘Q_WS_QWS’ was not declared in this scope
   return ((int*)(&Q_WS_QWS))[argc];
                   ^
CMakeFiles/cmTC_ba9e2.dir/build.make:65 : la recette pour la cible « CMakeFiles/cmTC_ba9e2.dir/CheckSymbolExists.cxx.o » a échouée
make[1]: *** [CMakeFiles/cmTC_ba9e2.dir/CheckSymbolExists.cxx.o] Erreur 1
make[1] : on quitte le répertoire « /home/sidi/Bureau/Pstl_final/tme810/top/build/CMakeFiles/CMakeTmp »
Makefile:126 : la recette pour la cible « cmTC_ba9e2/fast » a échouée
make: *** [cmTC_ba9e2/fast] Erreur 2

File /home/sidi/Bureau/Pstl_final/tme810/top/build/CMakeFiles/CMakeTmp/CheckSymbolExists.cxx:
/* */
#include <QtCore/qglobal.h>

int main(int argc, char** argv)
{
  (void)argv;
#ifndef Q_WS_QWS
  return ((int*)(&Q_WS_QWS))[argc];
#else
  (void)argc;
  return 0;
#endif
}

Determining if the Q_WS_MAC exist failed with the following output:
Change Dir: /home/sidi/Bureau/Pstl_final/tme810/top/build/CMakeFiles/CMakeTmp

Run Build Command:"/usr/bin/make" "cmTC_e4c7c/fast"
/usr/bin/make -f CMakeFiles/cmTC_e4c7c.dir/build.make CMakeFiles/cmTC_e4c7c.dir/build
make[1] : on entre dans le répertoire « /home/sidi/Bureau/Pstl_final/tme810/top/build/CMakeFiles/CMakeTmp »
Building CXX object CMakeFiles/cmTC_e4c7c.dir/CheckSymbolExists.cxx.o
/usr/bin/c++    -I/usr/include/qt4  -Wall -g    -o CMakeFiles/cmTC_e4c7c.dir/CheckSymbolExists.cxx.o -c /home/sidi/Bureau/Pstl_final/tme810/top/build/CMakeFiles/CMakeTmp/CheckSymbolExists.cxx
/home/sidi/Bureau/Pstl_final/tme810/top/build/CMakeFiles/CMakeTmp/CheckSymbolExists.cxx: In function ‘int main(int, char**)’:
/home/sidi/Bureau/Pstl_final/tme810/top/build/CMakeFiles/CMakeTmp/CheckSymbolExists.cxx:8:19: error: ‘Q_WS_MAC’ was not declared in this scope
   return ((int*)(&Q_WS_MAC))[argc];
                   ^
CMakeFiles/cmTC_e4c7c.dir/build.make:65 : la recette pour la cible « CMakeFiles/cmTC_e4c7c.dir/CheckSymbolExists.cxx.o » a échouée
make[1]: *** [CMakeFiles/cmTC_e4c7c.dir/CheckSymbolExists.cxx.o] Erreur 1
make[1] : on quitte le répertoire « /home/sidi/Bureau/Pstl_final/tme810/top/build/CMakeFiles/CMakeTmp »
Makefile:126 : la recette pour la cible « cmTC_e4c7c/fast » a échouée
make: *** [cmTC_e4c7c/fast] Erreur 2

File /home/sidi/Bureau/Pstl_final/tme810/top/build/CMakeFiles/CMakeTmp/CheckSymbolExists.cxx:
/* */
#include <QtCore/qglobal.h>

int main(int argc, char** argv)
{
  (void)argv;
#ifndef Q_WS_MAC
  return ((int*)(&Q_WS_MAC))[argc];
#else
  (void)argc;
  return 0;
#endif
}

